2025-05-11 10:55:42,388-INFO-Joiner transftomation  started...
2025-05-11 10:58:12,104-INFO-Filter transftomation started...
2025-05-11 10:58:12,236-INFO-Filter transftomation completed
2025-05-11 10:58:12,236-INFO-Router  transftomation for High region started...
2025-05-11 10:58:12,327-INFO-Router for High region transftomation completed
2025-05-11 10:58:12,327-INFO-Aggregator transftomation for sales data  started...
2025-05-11 10:58:12,438-INFO-Aggregator transftomation for sales data completed
2025-05-11 10:58:12,438-INFO-Joiner transftomation  started...
2025-05-11 10:58:12,522-INFO-Joiner transftomation completed
2025-05-11 10:58:12,523-INFO-Aggregator transftomation for inventory data  started...
2025-05-11 10:58:12,610-INFO-Aggregator transftomation for inventory data completed
2025-05-11 10:58:12,611-INFO-Joiner transftomation  started...
2025-05-11 10:58:12,770-INFO-Joiner transftomation completed
2025-05-11 10:58:40,870-INFO-Loading for fact_sales started...
2025-05-11 10:58:40,902-INFO-Fact_sales table loading started...
2025-05-11 10:58:40,902-INFO-insert into fact_sales(sales_id,product_id,store_id,quantity,total_sales,sale_date)
                        select sales_id,product_id,store_id,quantity,sales_amount,sale_date from sales_with_details
2025-05-11 10:58:40,937-INFO-Fact_sales table loading completed...
2025-05-11 10:58:40,937-INFO-Loading for Fact_inventory started...
2025-05-11 10:58:40,937-INFO-Fact_inventory table loading started...
2025-05-11 10:58:40,938-INFO-insert into fact_inventory(product_id,store_id,quantity_on_hand,last_updated) 
                        select product_id,store_id,quantity_on_hand,last_updated from staging_inventory
2025-05-11 10:58:40,964-INFO-Fact_inventory table loading completed...
2025-05-11 10:58:40,965-INFO-Loading for monthly_sales_summary started...
2025-05-11 10:58:40,965-INFO-monthly_sales_summary table loading started...
2025-05-11 10:58:40,965-INFO-insert into monthly_sales_summary(product_id,month,year,total_sales) 
                        select product_id,month,year,total_sales from monthly_sales_summary_source
2025-05-11 10:58:40,981-INFO-monthly_sales_summary table loading completed...
2025-05-11 10:58:40,983-INFO-Loading for inventory_level_by_store started...
2025-05-11 10:58:40,984-INFO-inventory_level_by_store table loading started...
2025-05-11 10:58:40,984-INFO-insert into inventory_levels_by_store(store_id,total_inventory) 
                        select store_id,total_inventory from aggegated_inventory_level;
2025-05-11 10:58:40,999-INFO-inventory_level_by_store table loading completed...
2025-05-11 11:06:13,150-INFO-file getting extracted ...
2025-05-11 11:06:13,150-INFO-Extraction of linux file started ...
2025-05-11 11:06:34,157-ERROR-Test failed due to SSH/SFTP error: [WinError 10060] A connection attempt failed because the connected party did not properly respond after a period of time, or established connection failed because connected host has failed to respond
Traceback (most recent call last):
  File "D:\Capstone_Feb_Batch_Development\Utilities\Utils.py", line 45, in Sales_Data_From_Linux_Server
    ssh_client.connect(hostname, username=username, password=password)
  File "C:\Python310\lib\site-packages\paramiko\client.py", line 386, in connect
    sock.connect(addr)
TimeoutError: [WinError 10060] A connection attempt failed because the connected party did not properly respond after a period of time, or established connection failed because connected host has failed to respond
2025-05-11 11:06:34,162-INFO-file getting completted ...
2025-05-11 11:06:34,162-INFO-Sales data extraction started...
2025-05-11 11:06:34,346-INFO-Sales data extraction completed
2025-05-11 11:06:34,346-INFO-Product data extraction started...
2025-05-11 11:06:34,447-INFO-product data extraction completed
2025-05-11 11:06:40,913-INFO-Filter transftomation started...
2025-05-11 11:06:41,005-INFO-Filter transftomation completed
2025-05-11 11:06:41,005-INFO-Router  transftomation for High region started...
2025-05-11 11:06:41,060-INFO-Router for High region transftomation completed
2025-05-11 11:06:41,060-INFO-Router  transftomation for low region started...
2025-05-11 11:06:41,145-INFO-Router for low region transftomation completed
2025-05-11 11:06:41,145-INFO-Aggregator transftomation for sales data  started...
2025-05-11 11:06:41,237-INFO-Aggregator transftomation for sales data completed
2025-05-11 11:06:41,237-INFO-Joiner transftomation  started...
2025-05-11 11:06:41,460-INFO-Joiner transftomation completed
2025-05-11 11:06:41,460-INFO-Aggregator transftomation for inventory data  started...
2025-05-11 11:06:41,532-INFO-Aggregator transftomation for inventory data completed
2025-05-11 11:06:41,532-INFO-Joiner transftomation  started...
2025-05-11 11:06:41,680-INFO-Joiner transftomation completed
2025-05-11 11:06:45,096-INFO-Loading for fact_sales started...
2025-05-11 11:06:45,108-INFO-Fact_sales table loading started...
2025-05-11 11:06:45,109-INFO-insert into fact_sales(sales_id,product_id,store_id,quantity,total_sales,sale_date)
                        select sales_id,product_id,store_id,quantity,sales_amount,sale_date from sales_with_details
2025-05-11 11:06:45,127-INFO-Fact_sales table loading completed...
2025-05-11 11:06:45,127-INFO-Loading for Fact_inventory started...
2025-05-11 11:06:45,127-INFO-Fact_inventory table loading started...
2025-05-11 11:06:45,127-INFO-insert into fact_inventory(product_id,store_id,quantity_on_hand,last_updated) 
                        select product_id,store_id,quantity_on_hand,last_updated from staging_inventory
2025-05-11 11:06:45,141-INFO-Fact_inventory table loading completed...
2025-05-11 11:06:45,142-INFO-Loading for monthly_sales_summary started...
2025-05-11 11:06:45,142-INFO-monthly_sales_summary table loading started...
2025-05-11 11:06:45,142-INFO-insert into monthly_sales_summary(product_id,month,year,total_sales) 
                        select product_id,month,year,total_sales from monthly_sales_summary_source
2025-05-11 11:06:45,154-INFO-monthly_sales_summary table loading completed...
2025-05-11 11:06:45,154-INFO-Loading for inventory_level_by_store started...
2025-05-11 11:06:45,155-INFO-inventory_level_by_store table loading started...
2025-05-11 11:06:45,155-INFO-insert into inventory_levels_by_store(store_id,total_inventory) 
                        select store_id,total_inventory from aggegated_inventory_level;
2025-05-11 11:06:45,169-INFO-inventory_level_by_store table loading completed...
